0 info it worked if it ends with ok
1 verbose cli [ '/usr/local/bin/node', '/usr/local/bin/npm', 'run', 'swank' ]
2 info using npm@1.1.66
3 info using node@v0.8.15
4 verbose node symlink /usr/local/bin/node
5 verbose read json /home/michieljoris/mysrc/javascript/roster/package.json
6 warn package.json oo@0.0.0 No README.md file found!
7 verbose run-script [ 'preswank', 'swank', 'postswank' ]
8 info preswank oo@0.0.0
9 info swank oo@0.0.0
10 verbose unsafe-perm in lifecycle true
11 silly exec sh "-c" "node node_modules/swank-js"
12 silly sh,-c,node node_modules/swank-js,/home/michieljoris/mysrc/javascript/roster spawning
13 info oo@0.0.0 Failed to exec swank script
14 error oo@0.0.0 swank: `node node_modules/swank-js`
14 error `sh "-c" "node node_modules/swank-js"` failed with 1
15 error Failed at the oo@0.0.0 swank script.
15 error This is most likely a problem with the oo package,
15 error not with npm itself.
15 error Tell the author that this fails on your system:
15 error     node node_modules/swank-js
15 error You can get their info via:
15 error     npm owner ls oo
15 error There is likely additional logging output above.
16 error System Linux 3.5.0-17-generic
17 error command "/usr/local/bin/node" "/usr/local/bin/npm" "run" "swank"
18 error cwd /home/michieljoris/mysrc/javascript/roster
19 error node -v v0.8.15
20 error npm -v 1.1.66
21 error code ELIFECYCLE
22 verbose exit [ 1, true ]
